2025-10-02T11:16:02.423+06:00  INFO 9480 --- [course] [main] com.course.course.CourseApplication      : Starting CourseApplication using Java 24.0.2 with PID 9480 (D:\Arafat\Technology\Java\Spring Boot\360Path Java Course\Practics\course\target\classes started by Database in D:\Arafat\Technology\Java\Spring Boot\360Path Java Course\Practics\course)
2025-10-02T11:16:02.426+06:00 DEBUG 9480 --- [course] [main] com.course.course.CourseApplication      : Running with Spring Boot v3.5.6, Spring v6.2.11
2025-10-02T11:16:02.428+06:00  INFO 9480 --- [course] [main] com.course.course.CourseApplication      : No active profile set, falling back to 1 default profile: "default"
2025-10-02T11:16:03.328+06:00  INFO 9480 --- [course] [main] .s.d.r.c.RepositoryConfigurationDelegate : Bootstrapping Spring Data JPA repositories in DEFAULT mode.
2025-10-02T11:16:03.393+06:00  INFO 9480 --- [course] [main] .s.d.r.c.RepositoryConfigurationDelegate : Finished Spring Data repository scanning in 54 ms. Found 1 JPA repository interface.
2025-10-02T11:16:03.851+06:00  INFO 9480 --- [course] [main] o.s.b.w.embedded.tomcat.TomcatWebServer  : Tomcat initialized with port 8080 (http)
2025-10-02T11:16:03.866+06:00  INFO 9480 --- [course] [main] o.apache.catalina.core.StandardService   : Starting service [Tomcat]
2025-10-02T11:16:03.867+06:00  INFO 9480 --- [course] [main] o.apache.catalina.core.StandardEngine    : Starting Servlet engine: [Apache Tomcat/10.1.46]
2025-10-02T11:16:03.920+06:00  INFO 9480 --- [course] [main] o.a.c.c.C.[Tomcat].[localhost].[/]       : Initializing Spring embedded WebApplicationContext
2025-10-02T11:16:03.920+06:00  INFO 9480 --- [course] [main] w.s.c.ServletWebServerApplicationContext : Root WebApplicationContext: initialization completed in 1422 ms
2025-10-02T11:16:04.067+06:00  INFO 9480 --- [course] [main] com.zaxxer.hikari.HikariDataSource       : HikariPool-1 - Starting...
2025-10-02T11:16:04.565+06:00  INFO 9480 --- [course] [main] com.zaxxer.hikari.pool.HikariPool        : HikariPool-1 - Added connection com.mysql.cj.jdbc.ConnectionImpl@1fb2eec
2025-10-02T11:16:04.567+06:00  INFO 9480 --- [course] [main] com.zaxxer.hikari.HikariDataSource       : HikariPool-1 - Start completed.
2025-10-02T11:16:04.613+06:00  INFO 9480 --- [course] [main] o.hibernate.jpa.internal.util.LogHelper  : HHH000204: Processing PersistenceUnitInfo [name: default]
2025-10-02T11:16:04.689+06:00  INFO 9480 --- [course] [main] org.hibernate.Version                    : HHH000412: Hibernate ORM core version 6.6.29.Final
2025-10-02T11:16:04.736+06:00  INFO 9480 --- [course] [main] o.h.c.internal.RegionFactoryInitiator    : HHH000026: Second-level cache disabled
2025-10-02T11:16:05.132+06:00  INFO 9480 --- [course] [main] o.s.o.j.p.SpringPersistenceUnitInfo      : No LoadTimeWeaver setup: ignoring JPA class transformer
2025-10-02T11:16:05.280+06:00  INFO 9480 --- [course] [main] org.hibernate.orm.connections.pooling    : HHH10001005: Database info:
	Database JDBC URL [Connecting through datasource 'HikariDataSource (HikariPool-1)']
	Database driver: undefined/unknown
	Database version: 8.4.6
	Autocommit mode: undefined/unknown
	Isolation level: undefined/unknown
	Minimum pool size: undefined/unknown
	Maximum pool size: undefined/unknown
2025-10-02T11:16:06.364+06:00  INFO 9480 --- [course] [main] o.h.e.t.j.p.i.JtaPlatformInitiator       : HHH000489: No JTA platform available (set 'hibernate.transaction.jta.platform' to enable JTA platform integration)
2025-10-02T11:16:06.371+06:00  INFO 9480 --- [course] [main] j.LocalContainerEntityManagerFactoryBean : Initialized JPA EntityManagerFactory for persistence unit 'default'
2025-10-02T11:16:06.764+06:00  WARN 9480 --- [course] [main] JpaBaseConfiguration$JpaWebConfiguration : spring.jpa.open-in-view is enabled by default. Therefore, database queries may be performed during view rendering. Explicitly configure spring.jpa.open-in-view to disable this warning
2025-10-02T11:16:07.233+06:00  INFO 9480 --- [course] [main] o.s.b.w.embedded.tomcat.TomcatWebServer  : Tomcat started on port 8080 (http) with context path '/'
2025-10-02T11:16:07.241+06:00  INFO 9480 --- [course] [main] com.course.course.CourseApplication      : Started CourseApplication in 5.593 seconds (process running for 6.586)
2025-10-02T11:16:21.572+06:00  INFO 9480 --- [course] [http-nio-8080-exec-5] o.a.c.c.C.[Tomcat].[localhost].[/]       : Initializing Spring DispatcherServlet 'dispatcherServlet'
2025-10-02T11:16:21.572+06:00  INFO 9480 --- [course] [http-nio-8080-exec-5] o.s.web.servlet.DispatcherServlet        : Initializing Servlet 'dispatcherServlet'
2025-10-02T11:16:21.574+06:00  INFO 9480 --- [course] [http-nio-8080-exec-5] o.s.web.servlet.DispatcherServlet        : Completed initialization in 2 ms
2025-10-02T11:16:41.327+06:00 ERROR 9480 --- [course] [http-nio-8080-exec-4] c.c.c.e.h.ApplicationExceptionHandler    : Entity not found: Course with id: 5 not found

jakarta.persistence.EntityNotFoundException: Course with id: 5 not found
	at com.course.course.services.servicesImpl.CourseServicesImpl.lambda$findById$0(CourseServicesImpl.java:34) ~[classes/:na]
	at java.base/java.util.Optional.orElseThrow(Optional.java:403) ~[na:na]
	at com.course.course.services.servicesImpl.CourseServicesImpl.findById(CourseServicesImpl.java:34) ~[classes/:na]
	at java.base/jdk.internal.reflect.DirectMethodHandleAccessor.invoke(DirectMethodHandleAccessor.java:104) ~[na:na]
	at java.base/java.lang.reflect.Method.invoke(Method.java:565) ~[na:na]
	at org.springframework.aop.support.AopUtils.invokeJoinpointUsingReflection(AopUtils.java:360) ~[spring-aop-6.2.11.jar:6.2.11]
	at org.springframework.aop.framework.CglibAopProxy$DynamicAdvisedInterceptor.intercept(CglibAopProxy.java:724) ~[spring-aop-6.2.11.jar:6.2.11]
	at com.course.course.services.servicesImpl.CourseServicesImpl$$SpringCGLIB$$0.findById(<generated>) ~[classes/:na]
	at com.course.course.controllers.CourseController.getCourseById(CourseController.java:39) ~[classes/:na]
	at java.base/jdk.internal.reflect.DirectMethodHandleAccessor.invoke(DirectMethodHandleAccessor.java:104) ~[na:na]
	at java.base/java.lang.reflect.Method.invoke(Method.java:565) ~[na:na]
	at org.springframework.web.method.support.InvocableHandlerMethod.doInvoke(InvocableHandlerMethod.java:258) ~[spring-web-6.2.11.jar:6.2.11]
	at org.springframework.web.method.support.InvocableHandlerMethod.invokeForRequest(InvocableHandlerMethod.java:191) ~[spring-web-6.2.11.jar:6.2.11]
	at org.springframework.web.servlet.mvc.method.annotation.ServletInvocableHandlerMethod.invokeAndHandle(ServletInvocableHandlerMethod.java:118) ~[spring-webmvc-6.2.11.jar:6.2.11]
	at org.springframework.web.servlet.mvc.method.annotation.RequestMappingHandlerAdapter.invokeHandlerMethod(RequestMappingHandlerAdapter.java:991) ~[spring-webmvc-6.2.11.jar:6.2.11]
	at org.springframework.web.servlet.mvc.method.annotation.RequestMappingHandlerAdapter.handleInternal(RequestMappingHandlerAdapter.java:896) ~[spring-webmvc-6.2.11.jar:6.2.11]
	at org.springframework.web.servlet.mvc.method.AbstractHandlerMethodAdapter.handle(AbstractHandlerMethodAdapter.java:87) ~[spring-webmvc-6.2.11.jar:6.2.11]
	at org.springframework.web.servlet.DispatcherServlet.doDispatch(DispatcherServlet.java:1089) ~[spring-webmvc-6.2.11.jar:6.2.11]
	at org.springframework.web.servlet.DispatcherServlet.doService(DispatcherServlet.java:979) ~[spring-webmvc-6.2.11.jar:6.2.11]
	at org.springframework.web.servlet.FrameworkServlet.processRequest(FrameworkServlet.java:1014) ~[spring-webmvc-6.2.11.jar:6.2.11]
	at org.springframework.web.servlet.FrameworkServlet.doGet(FrameworkServlet.java:903) ~[spring-webmvc-6.2.11.jar:6.2.11]
	at jakarta.servlet.http.HttpServlet.service(HttpServlet.java:564) ~[tomcat-embed-core-10.1.46.jar:6.0]
	at org.springframework.web.servlet.FrameworkServlet.service(FrameworkServlet.java:885) ~[spring-webmvc-6.2.11.jar:6.2.11]
	at jakarta.servlet.http.HttpServlet.service(HttpServlet.java:658) ~[tomcat-embed-core-10.1.46.jar:6.0]
	at org.apache.catalina.core.ApplicationFilterChain.internalDoFilter(ApplicationFilterChain.java:195) ~[tomcat-embed-core-10.1.46.jar:10.1.46]
	at org.apache.catalina.core.ApplicationFilterChain.doFilter(ApplicationFilterChain.java:140) ~[tomcat-embed-core-10.1.46.jar:10.1.46]
	at org.apache.tomcat.websocket.server.WsFilter.doFilter(WsFilter.java:51) ~[tomcat-embed-websocket-10.1.46.jar:10.1.46]
	at org.apache.catalina.core.ApplicationFilterChain.internalDoFilter(ApplicationFilterChain.java:164) ~[tomcat-embed-core-10.1.46.jar:10.1.46]
	at org.apache.catalina.core.ApplicationFilterChain.doFilter(ApplicationFilterChain.java:140) ~[tomcat-embed-core-10.1.46.jar:10.1.46]
	at org.springframework.web.filter.RequestContextFilter.doFilterInternal(RequestContextFilter.java:100) ~[spring-web-6.2.11.jar:6.2.11]
	at org.springframework.web.filter.OncePerRequestFilter.doFilter(OncePerRequestFilter.java:116) ~[spring-web-6.2.11.jar:6.2.11]
	at org.apache.catalina.core.ApplicationFilterChain.internalDoFilter(ApplicationFilterChain.java:164) ~[tomcat-embed-core-10.1.46.jar:10.1.46]
	at org.apache.catalina.core.ApplicationFilterChain.doFilter(ApplicationFilterChain.java:140) ~[tomcat-embed-core-10.1.46.jar:10.1.46]
	at org.springframework.web.filter.FormContentFilter.doFilterInternal(FormContentFilter.java:93) ~[spring-web-6.2.11.jar:6.2.11]
	at org.springframework.web.filter.OncePerRequestFilter.doFilter(OncePerRequestFilter.java:116) ~[spring-web-6.2.11.jar:6.2.11]
	at org.apache.catalina.core.ApplicationFilterChain.internalDoFilter(ApplicationFilterChain.java:164) ~[tomcat-embed-core-10.1.46.jar:10.1.46]
	at org.apache.catalina.core.ApplicationFilterChain.doFilter(ApplicationFilterChain.java:140) ~[tomcat-embed-core-10.1.46.jar:10.1.46]
	at org.springframework.web.filter.CharacterEncodingFilter.doFilterInternal(CharacterEncodingFilter.java:201) ~[spring-web-6.2.11.jar:6.2.11]
	at org.springframework.web.filter.OncePerRequestFilter.doFilter(OncePerRequestFilter.java:116) ~[spring-web-6.2.11.jar:6.2.11]
	at org.apache.catalina.core.ApplicationFilterChain.internalDoFilter(ApplicationFilterChain.java:164) ~[tomcat-embed-core-10.1.46.jar:10.1.46]
	at org.apache.catalina.core.ApplicationFilterChain.doFilter(ApplicationFilterChain.java:140) ~[tomcat-embed-core-10.1.46.jar:10.1.46]
	at org.apache.catalina.core.StandardWrapperValve.invoke(StandardWrapperValve.java:167) ~[tomcat-embed-core-10.1.46.jar:10.1.46]
	at org.apache.catalina.core.StandardContextValve.invoke(StandardContextValve.java:90) ~[tomcat-embed-core-10.1.46.jar:10.1.46]
	at org.apache.catalina.authenticator.AuthenticatorBase.invoke(AuthenticatorBase.java:483) ~[tomcat-embed-core-10.1.46.jar:10.1.46]
	at org.apache.catalina.core.StandardHostValve.invoke(StandardHostValve.java:116) ~[tomcat-embed-core-10.1.46.jar:10.1.46]
	at org.apache.catalina.valves.ErrorReportValve.invoke(ErrorReportValve.java:93) ~[tomcat-embed-core-10.1.46.jar:10.1.46]
	at org.apache.catalina.core.StandardEngineValve.invoke(StandardEngineValve.java:74) ~[tomcat-embed-core-10.1.46.jar:10.1.46]
	at org.apache.catalina.connector.CoyoteAdapter.service(CoyoteAdapter.java:344) ~[tomcat-embed-core-10.1.46.jar:10.1.46]
	at org.apache.coyote.http11.Http11Processor.service(Http11Processor.java:398) ~[tomcat-embed-core-10.1.46.jar:10.1.46]
	at org.apache.coyote.AbstractProcessorLight.process(AbstractProcessorLight.java:63) ~[tomcat-embed-core-10.1.46.jar:10.1.46]
	at org.apache.coyote.AbstractProtocol$ConnectionHandler.process(AbstractProtocol.java:903) ~[tomcat-embed-core-10.1.46.jar:10.1.46]
	at org.apache.tomcat.util.net.NioEndpoint$SocketProcessor.doRun(NioEndpoint.java:1776) ~[tomcat-embed-core-10.1.46.jar:10.1.46]
	at org.apache.tomcat.util.net.SocketProcessorBase.run(SocketProcessorBase.java:52) ~[tomcat-embed-core-10.1.46.jar:10.1.46]
	at org.apache.tomcat.util.threads.ThreadPoolExecutor.runWorker(ThreadPoolExecutor.java:975) ~[tomcat-embed-core-10.1.46.jar:10.1.46]
	at org.apache.tomcat.util.threads.ThreadPoolExecutor$Worker.run(ThreadPoolExecutor.java:493) ~[tomcat-embed-core-10.1.46.jar:10.1.46]
	at org.apache.tomcat.util.threads.TaskThread$WrappingRunnable.run(TaskThread.java:63) ~[tomcat-embed-core-10.1.46.jar:10.1.46]
	at java.base/java.lang.Thread.run(Thread.java:1447) ~[na:na]

2025-10-02T11:17:46.742+06:00 ERROR 9480 --- [course] [http-nio-8080-exec-7] c.c.c.e.h.ApplicationExceptionHandler    : Entity not found: Course with id: 11 not found

jakarta.persistence.EntityNotFoundException: Course with id: 11 not found
	at com.course.course.services.servicesImpl.CourseServicesImpl.lambda$findById$0(CourseServicesImpl.java:34) ~[classes/:na]
	at java.base/java.util.Optional.orElseThrow(Optional.java:403) ~[na:na]
	at com.course.course.services.servicesImpl.CourseServicesImpl.findById(CourseServicesImpl.java:34) ~[classes/:na]
	at java.base/jdk.internal.reflect.DirectMethodHandleAccessor.invoke(DirectMethodHandleAccessor.java:104) ~[na:na]
	at java.base/java.lang.reflect.Method.invoke(Method.java:565) ~[na:na]
	at org.springframework.aop.support.AopUtils.invokeJoinpointUsingReflection(AopUtils.java:360) ~[spring-aop-6.2.11.jar:6.2.11]
	at org.springframework.aop.framework.CglibAopProxy$DynamicAdvisedInterceptor.intercept(CglibAopProxy.java:724) ~[spring-aop-6.2.11.jar:6.2.11]
	at com.course.course.services.servicesImpl.CourseServicesImpl$$SpringCGLIB$$0.findById(<generated>) ~[classes/:na]
	at com.course.course.controllers.CourseController.getCourseById(CourseController.java:39) ~[classes/:na]
	at java.base/jdk.internal.reflect.DirectMethodHandleAccessor.invoke(DirectMethodHandleAccessor.java:104) ~[na:na]
	at java.base/java.lang.reflect.Method.invoke(Method.java:565) ~[na:na]
	at org.springframework.web.method.support.InvocableHandlerMethod.doInvoke(InvocableHandlerMethod.java:258) ~[spring-web-6.2.11.jar:6.2.11]
	at org.springframework.web.method.support.InvocableHandlerMethod.invokeForRequest(InvocableHandlerMethod.java:191) ~[spring-web-6.2.11.jar:6.2.11]
	at org.springframework.web.servlet.mvc.method.annotation.ServletInvocableHandlerMethod.invokeAndHandle(ServletInvocableHandlerMethod.java:118) ~[spring-webmvc-6.2.11.jar:6.2.11]
	at org.springframework.web.servlet.mvc.method.annotation.RequestMappingHandlerAdapter.invokeHandlerMethod(RequestMappingHandlerAdapter.java:991) ~[spring-webmvc-6.2.11.jar:6.2.11]
	at org.springframework.web.servlet.mvc.method.annotation.RequestMappingHandlerAdapter.handleInternal(RequestMappingHandlerAdapter.java:896) ~[spring-webmvc-6.2.11.jar:6.2.11]
	at org.springframework.web.servlet.mvc.method.AbstractHandlerMethodAdapter.handle(AbstractHandlerMethodAdapter.java:87) ~[spring-webmvc-6.2.11.jar:6.2.11]
	at org.springframework.web.servlet.DispatcherServlet.doDispatch(DispatcherServlet.java:1089) ~[spring-webmvc-6.2.11.jar:6.2.11]
	at org.springframework.web.servlet.DispatcherServlet.doService(DispatcherServlet.java:979) ~[spring-webmvc-6.2.11.jar:6.2.11]
	at org.springframework.web.servlet.FrameworkServlet.processRequest(FrameworkServlet.java:1014) ~[spring-webmvc-6.2.11.jar:6.2.11]
	at org.springframework.web.servlet.FrameworkServlet.doGet(FrameworkServlet.java:903) ~[spring-webmvc-6.2.11.jar:6.2.11]
	at jakarta.servlet.http.HttpServlet.service(HttpServlet.java:564) ~[tomcat-embed-core-10.1.46.jar:6.0]
	at org.springframework.web.servlet.FrameworkServlet.service(FrameworkServlet.java:885) ~[spring-webmvc-6.2.11.jar:6.2.11]
	at jakarta.servlet.http.HttpServlet.service(HttpServlet.java:658) ~[tomcat-embed-core-10.1.46.jar:6.0]
	at org.apache.catalina.core.ApplicationFilterChain.internalDoFilter(ApplicationFilterChain.java:195) ~[tomcat-embed-core-10.1.46.jar:10.1.46]
	at org.apache.catalina.core.ApplicationFilterChain.doFilter(ApplicationFilterChain.java:140) ~[tomcat-embed-core-10.1.46.jar:10.1.46]
	at org.apache.tomcat.websocket.server.WsFilter.doFilter(WsFilter.java:51) ~[tomcat-embed-websocket-10.1.46.jar:10.1.46]
	at org.apache.catalina.core.ApplicationFilterChain.internalDoFilter(ApplicationFilterChain.java:164) ~[tomcat-embed-core-10.1.46.jar:10.1.46]
	at org.apache.catalina.core.ApplicationFilterChain.doFilter(ApplicationFilterChain.java:140) ~[tomcat-embed-core-10.1.46.jar:10.1.46]
	at org.springframework.web.filter.RequestContextFilter.doFilterInternal(RequestContextFilter.java:100) ~[spring-web-6.2.11.jar:6.2.11]
	at org.springframework.web.filter.OncePerRequestFilter.doFilter(OncePerRequestFilter.java:116) ~[spring-web-6.2.11.jar:6.2.11]
	at org.apache.catalina.core.ApplicationFilterChain.internalDoFilter(ApplicationFilterChain.java:164) ~[tomcat-embed-core-10.1.46.jar:10.1.46]
	at org.apache.catalina.core.ApplicationFilterChain.doFilter(ApplicationFilterChain.java:140) ~[tomcat-embed-core-10.1.46.jar:10.1.46]
	at org.springframework.web.filter.FormContentFilter.doFilterInternal(FormContentFilter.java:93) ~[spring-web-6.2.11.jar:6.2.11]
	at org.springframework.web.filter.OncePerRequestFilter.doFilter(OncePerRequestFilter.java:116) ~[spring-web-6.2.11.jar:6.2.11]
	at org.apache.catalina.core.ApplicationFilterChain.internalDoFilter(ApplicationFilterChain.java:164) ~[tomcat-embed-core-10.1.46.jar:10.1.46]
	at org.apache.catalina.core.ApplicationFilterChain.doFilter(ApplicationFilterChain.java:140) ~[tomcat-embed-core-10.1.46.jar:10.1.46]
	at org.springframework.web.filter.CharacterEncodingFilter.doFilterInternal(CharacterEncodingFilter.java:201) ~[spring-web-6.2.11.jar:6.2.11]
	at org.springframework.web.filter.OncePerRequestFilter.doFilter(OncePerRequestFilter.java:116) ~[spring-web-6.2.11.jar:6.2.11]
	at org.apache.catalina.core.ApplicationFilterChain.internalDoFilter(ApplicationFilterChain.java:164) ~[tomcat-embed-core-10.1.46.jar:10.1.46]
	at org.apache.catalina.core.ApplicationFilterChain.doFilter(ApplicationFilterChain.java:140) ~[tomcat-embed-core-10.1.46.jar:10.1.46]
	at org.apache.catalina.core.StandardWrapperValve.invoke(StandardWrapperValve.java:167) ~[tomcat-embed-core-10.1.46.jar:10.1.46]
	at org.apache.catalina.core.StandardContextValve.invoke(StandardContextValve.java:90) ~[tomcat-embed-core-10.1.46.jar:10.1.46]
	at org.apache.catalina.authenticator.AuthenticatorBase.invoke(AuthenticatorBase.java:483) ~[tomcat-embed-core-10.1.46.jar:10.1.46]
	at org.apache.catalina.core.StandardHostValve.invoke(StandardHostValve.java:116) ~[tomcat-embed-core-10.1.46.jar:10.1.46]
	at org.apache.catalina.valves.ErrorReportValve.invoke(ErrorReportValve.java:93) ~[tomcat-embed-core-10.1.46.jar:10.1.46]
	at org.apache.catalina.core.StandardEngineValve.invoke(StandardEngineValve.java:74) ~[tomcat-embed-core-10.1.46.jar:10.1.46]
	at org.apache.catalina.connector.CoyoteAdapter.service(CoyoteAdapter.java:344) ~[tomcat-embed-core-10.1.46.jar:10.1.46]
	at org.apache.coyote.http11.Http11Processor.service(Http11Processor.java:398) ~[tomcat-embed-core-10.1.46.jar:10.1.46]
	at org.apache.coyote.AbstractProcessorLight.process(AbstractProcessorLight.java:63) ~[tomcat-embed-core-10.1.46.jar:10.1.46]
	at org.apache.coyote.AbstractProtocol$ConnectionHandler.process(AbstractProtocol.java:903) ~[tomcat-embed-core-10.1.46.jar:10.1.46]
	at org.apache.tomcat.util.net.NioEndpoint$SocketProcessor.doRun(NioEndpoint.java:1776) ~[tomcat-embed-core-10.1.46.jar:10.1.46]
	at org.apache.tomcat.util.net.SocketProcessorBase.run(SocketProcessorBase.java:52) ~[tomcat-embed-core-10.1.46.jar:10.1.46]
	at org.apache.tomcat.util.threads.ThreadPoolExecutor.runWorker(ThreadPoolExecutor.java:975) ~[tomcat-embed-core-10.1.46.jar:10.1.46]
	at org.apache.tomcat.util.threads.ThreadPoolExecutor$Worker.run(ThreadPoolExecutor.java:493) ~[tomcat-embed-core-10.1.46.jar:10.1.46]
	at org.apache.tomcat.util.threads.TaskThread$WrappingRunnable.run(TaskThread.java:63) ~[tomcat-embed-core-10.1.46.jar:10.1.46]
	at java.base/java.lang.Thread.run(Thread.java:1447) ~[na:na]

2025-10-02T11:34:47.736+06:00  INFO 9480 --- [course] [SpringApplicationShutdownHook] o.s.b.w.e.tomcat.GracefulShutdown        : Commencing graceful shutdown. Waiting for active requests to complete
2025-10-02T11:34:47.749+06:00  INFO 9480 --- [course] [tomcat-shutdown] o.s.b.w.e.tomcat.GracefulShutdown        : Graceful shutdown complete
2025-10-02T11:34:47.758+06:00  INFO 9480 --- [course] [SpringApplicationShutdownHook] j.LocalContainerEntityManagerFactoryBean : Closing JPA EntityManagerFactory for persistence unit 'default'
2025-10-02T11:34:47.763+06:00  INFO 9480 --- [course] [SpringApplicationShutdownHook] com.zaxxer.hikari.HikariDataSource       : HikariPool-1 - Shutdown initiated...
2025-10-02T11:34:47.772+06:00  INFO 9480 --- [course] [SpringApplicationShutdownHook] com.zaxxer.hikari.HikariDataSource       : HikariPool-1 - Shutdown completed.
2025-10-02T11:34:53.055+06:00  INFO 20092 --- [course] [main] com.course.course.CourseApplication      : Starting CourseApplication using Java 24.0.2 with PID 20092 (D:\Arafat\Technology\Java\Spring Boot\360Path Java Course\Practics\course\target\classes started by Database in D:\Arafat\Technology\Java\Spring Boot\360Path Java Course\Practics\course)
2025-10-02T11:34:53.059+06:00 DEBUG 20092 --- [course] [main] com.course.course.CourseApplication      : Running with Spring Boot v3.5.6, Spring v6.2.11
2025-10-02T11:34:53.061+06:00  INFO 20092 --- [course] [main] com.course.course.CourseApplication      : No active profile set, falling back to 1 default profile: "default"
2025-10-02T11:34:53.821+06:00  INFO 20092 --- [course] [main] .s.d.r.c.RepositoryConfigurationDelegate : Bootstrapping Spring Data JPA repositories in DEFAULT mode.
2025-10-02T11:34:53.887+06:00  INFO 20092 --- [course] [main] .s.d.r.c.RepositoryConfigurationDelegate : Finished Spring Data repository scanning in 53 ms. Found 1 JPA repository interface.
2025-10-02T11:34:54.324+06:00  INFO 20092 --- [course] [main] o.s.b.w.embedded.tomcat.TomcatWebServer  : Tomcat initialized with port 8080 (http)
2025-10-02T11:34:54.341+06:00  INFO 20092 --- [course] [main] o.apache.catalina.core.StandardService   : Starting service [Tomcat]
2025-10-02T11:34:54.341+06:00  INFO 20092 --- [course] [main] o.apache.catalina.core.StandardEngine    : Starting Servlet engine: [Apache Tomcat/10.1.46]
2025-10-02T11:34:54.385+06:00  INFO 20092 --- [course] [main] o.a.c.c.C.[Tomcat].[localhost].[/]       : Initializing Spring embedded WebApplicationContext
2025-10-02T11:34:54.386+06:00  INFO 20092 --- [course] [main] w.s.c.ServletWebServerApplicationContext : Root WebApplicationContext: initialization completed in 1244 ms
2025-10-02T11:34:54.509+06:00  INFO 20092 --- [course] [main] com.zaxxer.hikari.HikariDataSource       : HikariPool-1 - Starting...
2025-10-02T11:34:54.931+06:00  INFO 20092 --- [course] [main] com.zaxxer.hikari.pool.HikariPool        : HikariPool-1 - Added connection com.mysql.cj.jdbc.ConnectionImpl@7c8874ef
2025-10-02T11:34:54.933+06:00  INFO 20092 --- [course] [main] com.zaxxer.hikari.HikariDataSource       : HikariPool-1 - Start completed.
2025-10-02T11:34:54.972+06:00  INFO 20092 --- [course] [main] o.hibernate.jpa.internal.util.LogHelper  : HHH000204: Processing PersistenceUnitInfo [name: default]
2025-10-02T11:34:55.012+06:00  INFO 20092 --- [course] [main] org.hibernate.Version                    : HHH000412: Hibernate ORM core version 6.6.29.Final
2025-10-02T11:34:55.043+06:00  INFO 20092 --- [course] [main] o.h.c.internal.RegionFactoryInitiator    : HHH000026: Second-level cache disabled
2025-10-02T11:34:55.326+06:00  INFO 20092 --- [course] [main] o.s.o.j.p.SpringPersistenceUnitInfo      : No LoadTimeWeaver setup: ignoring JPA class transformer
2025-10-02T11:34:55.429+06:00  INFO 20092 --- [course] [main] org.hibernate.orm.connections.pooling    : HHH10001005: Database info:
	Database JDBC URL [Connecting through datasource 'HikariDataSource (HikariPool-1)']
	Database driver: undefined/unknown
	Database version: 8.4.6
	Autocommit mode: undefined/unknown
	Isolation level: undefined/unknown
	Minimum pool size: undefined/unknown
	Maximum pool size: undefined/unknown
2025-10-02T11:34:56.186+06:00  INFO 20092 --- [course] [main] o.h.e.t.j.p.i.JtaPlatformInitiator       : HHH000489: No JTA platform available (set 'hibernate.transaction.jta.platform' to enable JTA platform integration)
2025-10-02T11:34:56.189+06:00  INFO 20092 --- [course] [main] j.LocalContainerEntityManagerFactoryBean : Initialized JPA EntityManagerFactory for persistence unit 'default'
2025-10-02T11:34:56.501+06:00  WARN 20092 --- [course] [main] JpaBaseConfiguration$JpaWebConfiguration : spring.jpa.open-in-view is enabled by default. Therefore, database queries may be performed during view rendering. Explicitly configure spring.jpa.open-in-view to disable this warning
2025-10-02T11:34:56.870+06:00  INFO 20092 --- [course] [main] o.s.b.w.embedded.tomcat.TomcatWebServer  : Tomcat started on port 8080 (http) with context path '/'
2025-10-02T11:34:56.877+06:00  INFO 20092 --- [course] [main] com.course.course.CourseApplication      : Started CourseApplication in 4.448 seconds (process running for 5.343)
2025-10-02T11:35:25.076+06:00  INFO 20092 --- [course] [http-nio-8080-exec-2] o.a.c.c.C.[Tomcat].[localhost].[/]       : Initializing Spring DispatcherServlet 'dispatcherServlet'
2025-10-02T11:35:25.078+06:00  INFO 20092 --- [course] [http-nio-8080-exec-2] o.s.web.servlet.DispatcherServlet        : Initializing Servlet 'dispatcherServlet'
2025-10-02T11:35:25.082+06:00  INFO 20092 --- [course] [http-nio-8080-exec-2] o.s.web.servlet.DispatcherServlet        : Completed initialization in 4 ms
2025-10-02T11:36:00.359+06:00  INFO 20092 --- [course] [http-nio-8080-exec-8] c.c.c.s.servicesImpl.CourseServicesImpl  : Course created: com.course.course.entities.Course@5733b0c5
2025-10-02T11:38:47.023+06:00  INFO 20092 --- [course] [SpringApplicationShutdownHook] o.s.b.w.e.tomcat.GracefulShutdown        : Commencing graceful shutdown. Waiting for active requests to complete
2025-10-02T11:38:47.038+06:00  INFO 20092 --- [course] [tomcat-shutdown] o.s.b.w.e.tomcat.GracefulShutdown        : Graceful shutdown complete
2025-10-02T11:38:47.044+06:00  INFO 20092 --- [course] [SpringApplicationShutdownHook] j.LocalContainerEntityManagerFactoryBean : Closing JPA EntityManagerFactory for persistence unit 'default'
2025-10-02T11:38:47.047+06:00  INFO 20092 --- [course] [SpringApplicationShutdownHook] com.zaxxer.hikari.HikariDataSource       : HikariPool-1 - Shutdown initiated...
2025-10-02T11:38:47.058+06:00  INFO 20092 --- [course] [SpringApplicationShutdownHook] com.zaxxer.hikari.HikariDataSource       : HikariPool-1 - Shutdown completed.
2025-10-02T11:38:52.165+06:00  INFO 11384 --- [course] [main] com.course.course.CourseApplication      : Starting CourseApplication using Java 24.0.2 with PID 11384 (D:\Arafat\Technology\Java\Spring Boot\360Path Java Course\Practics\course\target\classes started by Database in D:\Arafat\Technology\Java\Spring Boot\360Path Java Course\Practics\course)
2025-10-02T11:38:52.169+06:00 DEBUG 11384 --- [course] [main] com.course.course.CourseApplication      : Running with Spring Boot v3.5.6, Spring v6.2.11
2025-10-02T11:38:52.170+06:00  INFO 11384 --- [course] [main] com.course.course.CourseApplication      : No active profile set, falling back to 1 default profile: "default"
2025-10-02T11:38:52.961+06:00  INFO 11384 --- [course] [main] .s.d.r.c.RepositoryConfigurationDelegate : Bootstrapping Spring Data JPA repositories in DEFAULT mode.
2025-10-02T11:38:53.028+06:00  INFO 11384 --- [course] [main] .s.d.r.c.RepositoryConfigurationDelegate : Finished Spring Data repository scanning in 58 ms. Found 1 JPA repository interface.
2025-10-02T11:38:53.475+06:00  INFO 11384 --- [course] [main] o.s.b.w.embedded.tomcat.TomcatWebServer  : Tomcat initialized with port 8080 (http)
2025-10-02T11:38:53.489+06:00  INFO 11384 --- [course] [main] o.apache.catalina.core.StandardService   : Starting service [Tomcat]
2025-10-02T11:38:53.490+06:00  INFO 11384 --- [course] [main] o.apache.catalina.core.StandardEngine    : Starting Servlet engine: [Apache Tomcat/10.1.46]
2025-10-02T11:38:53.537+06:00  INFO 11384 --- [course] [main] o.a.c.c.C.[Tomcat].[localhost].[/]       : Initializing Spring embedded WebApplicationContext
2025-10-02T11:38:53.537+06:00  INFO 11384 --- [course] [main] w.s.c.ServletWebServerApplicationContext : Root WebApplicationContext: initialization completed in 1299 ms
2025-10-02T11:38:53.663+06:00  INFO 11384 --- [course] [main] com.zaxxer.hikari.HikariDataSource       : HikariPool-1 - Starting...
2025-10-02T11:38:54.130+06:00  INFO 11384 --- [course] [main] com.zaxxer.hikari.pool.HikariPool        : HikariPool-1 - Added connection com.mysql.cj.jdbc.ConnectionImpl@4f1afe8f
2025-10-02T11:38:54.133+06:00  INFO 11384 --- [course] [main] com.zaxxer.hikari.HikariDataSource       : HikariPool-1 - Start completed.
2025-10-02T11:38:54.179+06:00  INFO 11384 --- [course] [main] o.hibernate.jpa.internal.util.LogHelper  : HHH000204: Processing PersistenceUnitInfo [name: default]
2025-10-02T11:38:54.230+06:00  INFO 11384 --- [course] [main] org.hibernate.Version                    : HHH000412: Hibernate ORM core version 6.6.29.Final
2025-10-02T11:38:54.272+06:00  INFO 11384 --- [course] [main] o.h.c.internal.RegionFactoryInitiator    : HHH000026: Second-level cache disabled
2025-10-02T11:38:54.570+06:00  INFO 11384 --- [course] [main] o.s.o.j.p.SpringPersistenceUnitInfo      : No LoadTimeWeaver setup: ignoring JPA class transformer
2025-10-02T11:38:54.669+06:00  INFO 11384 --- [course] [main] org.hibernate.orm.connections.pooling    : HHH10001005: Database info:
	Database JDBC URL [Connecting through datasource 'HikariDataSource (HikariPool-1)']
	Database driver: undefined/unknown
	Database version: 8.4.6
	Autocommit mode: undefined/unknown
	Isolation level: undefined/unknown
	Minimum pool size: undefined/unknown
	Maximum pool size: undefined/unknown
2025-10-02T11:38:55.495+06:00  INFO 11384 --- [course] [main] o.h.e.t.j.p.i.JtaPlatformInitiator       : HHH000489: No JTA platform available (set 'hibernate.transaction.jta.platform' to enable JTA platform integration)
2025-10-02T11:38:55.500+06:00  INFO 11384 --- [course] [main] j.LocalContainerEntityManagerFactoryBean : Initialized JPA EntityManagerFactory for persistence unit 'default'
2025-10-02T11:38:55.803+06:00  WARN 11384 --- [course] [main] JpaBaseConfiguration$JpaWebConfiguration : spring.jpa.open-in-view is enabled by default. Therefore, database queries may be performed during view rendering. Explicitly configure spring.jpa.open-in-view to disable this warning
2025-10-02T11:38:56.196+06:00  INFO 11384 --- [course] [main] o.s.b.w.embedded.tomcat.TomcatWebServer  : Tomcat started on port 8080 (http) with context path '/'
2025-10-02T11:38:56.204+06:00  INFO 11384 --- [course] [main] com.course.course.CourseApplication      : Started CourseApplication in 4.745 seconds (process running for 5.594)
2025-10-02T11:39:12.253+06:00  INFO 11384 --- [course] [http-nio-8080-exec-2] o.a.c.c.C.[Tomcat].[localhost].[/]       : Initializing Spring DispatcherServlet 'dispatcherServlet'
2025-10-02T11:39:12.254+06:00  INFO 11384 --- [course] [http-nio-8080-exec-2] o.s.web.servlet.DispatcherServlet        : Initializing Servlet 'dispatcherServlet'
2025-10-02T11:39:12.255+06:00  INFO 11384 --- [course] [http-nio-8080-exec-2] o.s.web.servlet.DispatcherServlet        : Completed initialization in 1 ms
2025-10-02T11:39:12.624+06:00  INFO 11384 --- [course] [http-nio-8080-exec-2] c.c.c.s.servicesImpl.CourseServicesImpl  : Course created: Course(id=6, courseName=Java Basics 3, description=Introduction to Java 3, startDate=2025-10-01, endDate=2025-10-31, status=null)
2025-10-02T11:40:28.921+06:00  INFO 11384 --- [course] [http-nio-8080-exec-5] c.c.c.s.servicesImpl.CourseServicesImpl  : Course updated: Course(id=6, courseName=Java Basics 6, description=Introduction to Java 6, startDate=2025-10-01, endDate=2025-10-31, status=true)
2025-10-02T11:41:19.377+06:00  INFO 11384 --- [course] [http-nio-8080-exec-7] c.c.c.s.servicesImpl.CourseServicesImpl  : Course status updated: Course(id=6, courseName=Java Basics 6, description=Introduction to Java 6, startDate=2025-10-01, endDate=2025-10-31, status=false)
2025-10-02T11:47:13.589+06:00  INFO 11384 --- [course] [SpringApplicationShutdownHook] o.s.b.w.e.tomcat.GracefulShutdown        : Commencing graceful shutdown. Waiting for active requests to complete
2025-10-02T11:47:13.599+06:00  INFO 11384 --- [course] [tomcat-shutdown] o.s.b.w.e.tomcat.GracefulShutdown        : Graceful shutdown complete
2025-10-02T11:47:13.604+06:00  INFO 11384 --- [course] [SpringApplicationShutdownHook] j.LocalContainerEntityManagerFactoryBean : Closing JPA EntityManagerFactory for persistence unit 'default'
2025-10-02T11:47:13.607+06:00  INFO 11384 --- [course] [SpringApplicationShutdownHook] com.zaxxer.hikari.HikariDataSource       : HikariPool-1 - Shutdown initiated...
2025-10-02T11:47:13.615+06:00  INFO 11384 --- [course] [SpringApplicationShutdownHook] com.zaxxer.hikari.HikariDataSource       : HikariPool-1 - Shutdown completed.
2025-10-02T11:47:19.693+06:00  INFO 9852 --- [course] [main] com.course.course.CourseApplication      : Starting CourseApplication using Java 24.0.2 with PID 9852 (D:\Arafat\Technology\Java\Spring Boot\360Path Java Course\Practics\course\target\classes started by Database in D:\Arafat\Technology\Java\Spring Boot\360Path Java Course\Practics\course)
2025-10-02T11:47:19.696+06:00 DEBUG 9852 --- [course] [main] com.course.course.CourseApplication      : Running with Spring Boot v3.5.6, Spring v6.2.11
2025-10-02T11:47:19.697+06:00  INFO 9852 --- [course] [main] com.course.course.CourseApplication      : No active profile set, falling back to 1 default profile: "default"
2025-10-02T11:47:20.460+06:00  INFO 9852 --- [course] [main] .s.d.r.c.RepositoryConfigurationDelegate : Bootstrapping Spring Data JPA repositories in DEFAULT mode.
2025-10-02T11:47:20.522+06:00  INFO 9852 --- [course] [main] .s.d.r.c.RepositoryConfigurationDelegate : Finished Spring Data repository scanning in 54 ms. Found 1 JPA repository interface.
2025-10-02T11:47:20.941+06:00  INFO 9852 --- [course] [main] o.s.b.w.embedded.tomcat.TomcatWebServer  : Tomcat initialized with port 8080 (http)
2025-10-02T11:47:20.956+06:00  INFO 9852 --- [course] [main] o.apache.catalina.core.StandardService   : Starting service [Tomcat]
2025-10-02T11:47:20.957+06:00  INFO 9852 --- [course] [main] o.apache.catalina.core.StandardEngine    : Starting Servlet engine: [Apache Tomcat/10.1.46]
2025-10-02T11:47:21.006+06:00  INFO 9852 --- [course] [main] o.a.c.c.C.[Tomcat].[localhost].[/]       : Initializing Spring embedded WebApplicationContext
2025-10-02T11:47:21.007+06:00  INFO 9852 --- [course] [main] w.s.c.ServletWebServerApplicationContext : Root WebApplicationContext: initialization completed in 1238 ms
2025-10-02T11:47:21.137+06:00  INFO 9852 --- [course] [main] com.zaxxer.hikari.HikariDataSource       : HikariPool-1 - Starting...
2025-10-02T11:47:21.557+06:00  INFO 9852 --- [course] [main] com.zaxxer.hikari.pool.HikariPool        : HikariPool-1 - Added connection com.mysql.cj.jdbc.ConnectionImpl@4c18516
2025-10-02T11:47:21.559+06:00  INFO 9852 --- [course] [main] com.zaxxer.hikari.HikariDataSource       : HikariPool-1 - Start completed.
2025-10-02T11:47:21.595+06:00  INFO 9852 --- [course] [main] o.hibernate.jpa.internal.util.LogHelper  : HHH000204: Processing PersistenceUnitInfo [name: default]
2025-10-02T11:47:21.636+06:00  INFO 9852 --- [course] [main] org.hibernate.Version                    : HHH000412: Hibernate ORM core version 6.6.29.Final
2025-10-02T11:47:21.667+06:00  INFO 9852 --- [course] [main] o.h.c.internal.RegionFactoryInitiator    : HHH000026: Second-level cache disabled
2025-10-02T11:47:21.966+06:00  INFO 9852 --- [course] [main] o.s.o.j.p.SpringPersistenceUnitInfo      : No LoadTimeWeaver setup: ignoring JPA class transformer
2025-10-02T11:47:22.070+06:00  INFO 9852 --- [course] [main] org.hibernate.orm.connections.pooling    : HHH10001005: Database info:
	Database JDBC URL [Connecting through datasource 'HikariDataSource (HikariPool-1)']
	Database driver: undefined/unknown
	Database version: 8.4.6
	Autocommit mode: undefined/unknown
	Isolation level: undefined/unknown
	Minimum pool size: undefined/unknown
	Maximum pool size: undefined/unknown
2025-10-02T11:47:22.821+06:00  INFO 9852 --- [course] [main] o.h.e.t.j.p.i.JtaPlatformInitiator       : HHH000489: No JTA platform available (set 'hibernate.transaction.jta.platform' to enable JTA platform integration)
2025-10-02T11:47:22.826+06:00  INFO 9852 --- [course] [main] j.LocalContainerEntityManagerFactoryBean : Initialized JPA EntityManagerFactory for persistence unit 'default'
2025-10-02T11:47:23.134+06:00  WARN 9852 --- [course] [main] JpaBaseConfiguration$JpaWebConfiguration : spring.jpa.open-in-view is enabled by default. Therefore, database queries may be performed during view rendering. Explicitly configure spring.jpa.open-in-view to disable this warning
2025-10-02T11:47:23.546+06:00  INFO 9852 --- [course] [main] o.s.b.w.embedded.tomcat.TomcatWebServer  : Tomcat started on port 8080 (http) with context path '/'
2025-10-02T11:47:23.554+06:00  INFO 9852 --- [course] [main] com.course.course.CourseApplication      : Started CourseApplication in 4.567 seconds (process running for 5.399)
2025-10-02T11:47:30.993+06:00  INFO 9852 --- [course] [http-nio-8080-exec-5] o.a.c.c.C.[Tomcat].[localhost].[/]       : Initializing Spring DispatcherServlet 'dispatcherServlet'
2025-10-02T11:47:30.994+06:00  INFO 9852 --- [course] [http-nio-8080-exec-5] o.s.web.servlet.DispatcherServlet        : Initializing Servlet 'dispatcherServlet'
2025-10-02T11:47:30.995+06:00  INFO 9852 --- [course] [http-nio-8080-exec-5] o.s.web.servlet.DispatcherServlet        : Completed initialization in 1 ms
2025-10-02T11:51:32.474+06:00  INFO 9852 --- [course] [SpringApplicationShutdownHook] o.s.b.w.e.tomcat.GracefulShutdown        : Commencing graceful shutdown. Waiting for active requests to complete
2025-10-02T11:51:32.489+06:00  INFO 9852 --- [course] [tomcat-shutdown] o.s.b.w.e.tomcat.GracefulShutdown        : Graceful shutdown complete
2025-10-02T11:51:32.494+06:00  INFO 9852 --- [course] [SpringApplicationShutdownHook] j.LocalContainerEntityManagerFactoryBean : Closing JPA EntityManagerFactory for persistence unit 'default'
2025-10-02T11:51:32.496+06:00  INFO 9852 --- [course] [SpringApplicationShutdownHook] com.zaxxer.hikari.HikariDataSource       : HikariPool-1 - Shutdown initiated...
2025-10-02T11:51:32.505+06:00  INFO 9852 --- [course] [SpringApplicationShutdownHook] com.zaxxer.hikari.HikariDataSource       : HikariPool-1 - Shutdown completed.
2025-10-02T11:51:37.978+06:00  INFO 928 --- [course] [main] com.course.course.CourseApplication      : Starting CourseApplication using Java 24.0.2 with PID 928 (D:\Arafat\Technology\Java\Spring Boot\360Path Java Course\Practics\course\target\classes started by Database in D:\Arafat\Technology\Java\Spring Boot\360Path Java Course\Practics\course)
2025-10-02T11:51:37.980+06:00 DEBUG 928 --- [course] [main] com.course.course.CourseApplication      : Running with Spring Boot v3.5.6, Spring v6.2.11
2025-10-02T11:51:37.982+06:00  INFO 928 --- [course] [main] com.course.course.CourseApplication      : No active profile set, falling back to 1 default profile: "default"
2025-10-02T11:51:38.778+06:00  INFO 928 --- [course] [main] .s.d.r.c.RepositoryConfigurationDelegate : Bootstrapping Spring Data JPA repositories in DEFAULT mode.
2025-10-02T11:51:38.839+06:00  INFO 928 --- [course] [main] .s.d.r.c.RepositoryConfigurationDelegate : Finished Spring Data repository scanning in 53 ms. Found 1 JPA repository interface.
2025-10-02T11:51:39.280+06:00  INFO 928 --- [course] [main] o.s.b.w.embedded.tomcat.TomcatWebServer  : Tomcat initialized with port 8080 (http)
2025-10-02T11:51:39.295+06:00  INFO 928 --- [course] [main] o.apache.catalina.core.StandardService   : Starting service [Tomcat]
2025-10-02T11:51:39.296+06:00  INFO 928 --- [course] [main] o.apache.catalina.core.StandardEngine    : Starting Servlet engine: [Apache Tomcat/10.1.46]
2025-10-02T11:51:39.344+06:00  INFO 928 --- [course] [main] o.a.c.c.C.[Tomcat].[localhost].[/]       : Initializing Spring embedded WebApplicationContext
2025-10-02T11:51:39.344+06:00  INFO 928 --- [course] [main] w.s.c.ServletWebServerApplicationContext : Root WebApplicationContext: initialization completed in 1286 ms
2025-10-02T11:51:39.475+06:00  INFO 928 --- [course] [main] com.zaxxer.hikari.HikariDataSource       : HikariPool-1 - Starting...
2025-10-02T11:51:39.896+06:00  INFO 928 --- [course] [main] com.zaxxer.hikari.pool.HikariPool        : HikariPool-1 - Added connection com.mysql.cj.jdbc.ConnectionImpl@3d104c9b
2025-10-02T11:51:39.898+06:00  INFO 928 --- [course] [main] com.zaxxer.hikari.HikariDataSource       : HikariPool-1 - Start completed.
2025-10-02T11:51:39.936+06:00  INFO 928 --- [course] [main] o.hibernate.jpa.internal.util.LogHelper  : HHH000204: Processing PersistenceUnitInfo [name: default]
2025-10-02T11:51:39.977+06:00  INFO 928 --- [course] [main] org.hibernate.Version                    : HHH000412: Hibernate ORM core version 6.6.29.Final
2025-10-02T11:51:40.013+06:00  INFO 928 --- [course] [main] o.h.c.internal.RegionFactoryInitiator    : HHH000026: Second-level cache disabled
2025-10-02T11:51:40.318+06:00  INFO 928 --- [course] [main] o.s.o.j.p.SpringPersistenceUnitInfo      : No LoadTimeWeaver setup: ignoring JPA class transformer
2025-10-02T11:51:40.416+06:00  INFO 928 --- [course] [main] org.hibernate.orm.connections.pooling    : HHH10001005: Database info:
	Database JDBC URL [Connecting through datasource 'HikariDataSource (HikariPool-1)']
	Database driver: undefined/unknown
	Database version: 8.4.6
	Autocommit mode: undefined/unknown
	Isolation level: undefined/unknown
	Minimum pool size: undefined/unknown
	Maximum pool size: undefined/unknown
2025-10-02T11:51:41.268+06:00  INFO 928 --- [course] [main] o.h.e.t.j.p.i.JtaPlatformInitiator       : HHH000489: No JTA platform available (set 'hibernate.transaction.jta.platform' to enable JTA platform integration)
2025-10-02T11:51:41.274+06:00  INFO 928 --- [course] [main] j.LocalContainerEntityManagerFactoryBean : Initialized JPA EntityManagerFactory for persistence unit 'default'
2025-10-02T11:51:41.598+06:00  WARN 928 --- [course] [main] JpaBaseConfiguration$JpaWebConfiguration : spring.jpa.open-in-view is enabled by default. Therefore, database queries may be performed during view rendering. Explicitly configure spring.jpa.open-in-view to disable this warning
2025-10-02T11:51:41.996+06:00  INFO 928 --- [course] [main] o.s.b.w.embedded.tomcat.TomcatWebServer  : Tomcat started on port 8080 (http) with context path '/'
2025-10-02T11:51:42.006+06:00  INFO 928 --- [course] [main] com.course.course.CourseApplication      : Started CourseApplication in 4.708 seconds (process running for 5.582)
2025-10-02T11:51:47.213+06:00  INFO 928 --- [course] [http-nio-8080-exec-1] o.a.c.c.C.[Tomcat].[localhost].[/]       : Initializing Spring DispatcherServlet 'dispatcherServlet'
2025-10-02T11:51:47.214+06:00  INFO 928 --- [course] [http-nio-8080-exec-1] o.s.web.servlet.DispatcherServlet        : Initializing Servlet 'dispatcherServlet'
2025-10-02T11:51:47.217+06:00  INFO 928 --- [course] [http-nio-8080-exec-1] o.s.web.servlet.DispatcherServlet        : Completed initialization in 3 ms
2025-10-02T11:51:47.436+06:00 ERROR 928 --- [course] [http-nio-8080-exec-1] c.c.c.e.h.ApplicationExceptionHandler    : {status=Status must be provided}
2025-10-02T11:52:20.091+06:00 ERROR 928 --- [course] [http-nio-8080-exec-4] c.c.c.e.h.ApplicationExceptionHandler    : {message=Invalid request body : JSON parse error: Cannot deserialize value of type `java.lang.Boolean` from String "Status must be provided": only "true" or "false" recognized}
2025-10-02T11:52:34.252+06:00 ERROR 928 --- [course] [http-nio-8080-exec-7] c.c.c.e.h.ApplicationExceptionHandler    : {status=Status must be provided}
2025-10-02T11:52:56.185+06:00  INFO 928 --- [course] [http-nio-8080-exec-5] c.c.c.s.servicesImpl.CourseServicesImpl  : Course status updated: Course(id=6, courseName=Java Basics 6, description=Introduction to Java 6, startDate=2025-10-01, endDate=2025-10-31, status=true)
2025-10-02T11:53:33.190+06:00  INFO 928 --- [course] [http-nio-8080-exec-9] c.c.c.s.servicesImpl.CourseServicesImpl  : Course deleted: Course(id=6, courseName=Java Basics 6, description=Introduction to Java 6, startDate=2025-10-01, endDate=2025-10-31, status=true)
